<?xml version="1.0" encoding="UTF-8"?>
<!-- Generated by org.testng.reporters.JUnitXMLReporter -->
<testsuite hostname="DESKTOP-PT2MTDQ" name="Test_chrome2" tests="4" failures="4" timestamp="25 Oct 2020 07:15:19 GMT" time="11.909" errors="0">
  <testcase name="runScenario" time="0.475" classname="com.automate.withme.Runner.E2e_Runner">
    <failure type="java.lang.NullPointerException">
      <![CDATA[java.lang.NullPointerException
	at com.util.utils.Utilities.Naigate_to_URL(Utilities.java:24)
	at com.automate.withme.pages.Login.Launch_the_APP(Login.java:43)
	at com.automate.withme.steps.E2e_stepDefs.launch(E2e_stepDefs.java:50)
	at ✽.User Launches the APP(file:///C:/Users/Dell/workspace/E2E_tests_Devops/Features/E2eTests.feature:6)
]]>
    </failure>
  </testcase> <!-- runScenario -->
  <testcase name="runScenario" time="0.053" classname="com.automate.withme.Runner.E2e_Runner">
    <failure type="java.lang.NullPointerException">
      <![CDATA[java.lang.NullPointerException
	at com.util.utils.Utilities.Take_A_ScreenShot(Utilities.java:41)
	at com.automate.withme.pages.Login.Check_if_Heading_is_displayed(Login.java:57)
	at com.automate.withme.steps.E2e_stepDefs.user_lands_on_the_Add_to_cart_page(E2e_stepDefs.java:71)
	at ✽.User lands on the Add to cart page(file:///C:/Users/Dell/workspace/E2E_tests_Devops/Features/E2eTests.feature:14)
]]>
    </failure>
  </testcase> <!-- runScenario -->
  <testcase name="runScenario" time="0.03" classname="com.automate.withme.Runner.E2e_Runner">
    <failure type="java.lang.NullPointerException">
      <![CDATA[java.lang.NullPointerException
	at com.util.utils.Utilities.Take_A_ScreenShot(Utilities.java:41)
	at com.automate.withme.pages.CheckOut.check_if_checkoutpage(CheckOut.java:69)
	at com.automate.withme.steps.E2e_stepDefs.user_lands_on_the_Checkout_Page(E2e_stepDefs.java:111)
	at ✽.User lands on the Checkout Page(file:///C:/Users/Dell/workspace/E2E_tests_Devops/Features/E2eTests.feature:29)
]]>
    </failure>
  </testcase> <!-- runScenario -->
  <testcase name="runScenario" time="0.042" classname="com.automate.withme.Runner.E2e_Runner">
    <failure type="java.lang.NullPointerException">
      <![CDATA[java.lang.NullPointerException
	at com.util.utils.Utilities.Take_A_ScreenShot(Utilities.java:41)
	at com.automate.withme.pages.OrderPlaced.Check_if_Heading_is_displayed(OrderPlaced.java:57)
	at com.automate.withme.steps.E2e_stepDefs.user_lands_on_the_Order_placed_Page(E2e_stepDefs.java:126)
	at ✽.User lands on the Order placed Page(file:///C:/Users/Dell/workspace/E2E_tests_Devops/Features/E2eTests.feature:36)
]]>
    </failure>
  </testcase> <!-- runScenario -->
</testsuite> <!-- Test_chrome2 -->
