<?xml version="1.0" encoding="UTF-8"?>
<!-- Generated by org.testng.reporters.JUnitXMLReporter -->
<testsuite hostname="DESKTOP-PT2MTDQ" name="Test_chrome1" tests="4" failures="0" timestamp="25 Oct 2020 19:10:48 GMT" time="51.462" errors="0">
  <testcase name="runScenario" time="2.549" classname="com.automate.withme.Runner.E2e_Runner"/>
  <testcase name="runScenario" time="2.114" classname="com.automate.withme.Runner.E2e_Runner"/>
  <testcase name="runScenario" time="1.969" classname="com.automate.withme.Runner.E2e_Runner"/>
  <testcase name="runScenario" time="0.857" classname="com.automate.withme.Runner.E2e_Runner"/>
</testsuite> <!-- Test_chrome1 -->
