<?xml version="1.0" encoding="UTF-8"?>
<!-- Generated by org.testng.reporters.JUnitXMLReporter -->
<testsuite hostname="DESKTOP-PT2MTDQ" name="Test_FF" tests="4" failures="0" timestamp="26 Oct 2020 03:51:42 GMT" time="16.832" errors="0">
  <testcase name="runScenario" time="4.523" classname="com.automate.withme.Runner.E2e_Runner"/>
  <testcase name="runScenario" time="3.654" classname="com.automate.withme.Runner.E2e_Runner"/>
  <testcase name="runScenario" time="1.036" classname="com.automate.withme.Runner.E2e_Runner"/>
  <testcase name="runScenario" time="0.751" classname="com.automate.withme.Runner.E2e_Runner"/>
</testsuite> <!-- Test_FF -->
